TimeWindow  Iteration  ResRel(Displacements)  ResRel(Forces)  
     1       1              inf   1.00000000e+00  
     1       2   8.84813341e+03   9.50881368e-01  
     1       3   8.37876514e-01   8.84725622e-01  
     1       4   8.55427675e-01   4.47442042e-01  
     1       5   2.44755634e-01   2.53161148e-01  
     1       6   5.95610046e-03   2.06780307e-01  
     1       7   4.51150242e-03   2.01790286e-01  
     1       8   4.37695388e-03   2.09763113e-01  
     1       9   1.52068931e-03   1.45218721e-01  
     1      10   1.45920096e-04   1.38120915e-01  
     1      11   9.70331331e-04   9.39926297e-02  
     1      12   3.05143820e-04   1.31209190e-02  
     1      13   1.64874992e-04   5.96263481e-03  
     2       1   7.46325566e-01   2.53810072e+01  
     2       2   3.00663990e-02   1.79108829e+01  
     2       3   4.13026664e-02   2.90594554e+01  
     2       4   1.88948039e-03   2.09373540e+01  
     2       5   2.16812913e-03   1.49353668e+01  
     2       6   6.93907008e-04   6.94400129e+00  
     2       7   1.90760432e-04   3.11953085e+00  
     2       8   9.51046409e-05   6.35267931e-01  
     2       9   5.81697576e-05   4.64142148e-01  
     2      10   5.70713406e-05   4.94113735e-01  
     2      11   5.79038800e-05   5.01446936e-01  
     2      12   2.38062085e-05   6.74504572e-01  
     2      13   4.85446669e-05   3.81473367e-01  
     2      14   1.18647647e-05   6.01748723e-02  
     2      15   3.40015503e-06   1.40522927e-01  
     2      16   1.40555291e-06   9.44539769e-03  
     3       1   4.24096060e-01   5.77038943e-01  
     3       2   8.85018874e-04   1.40475670e-01  
     3       3   7.90774075e-04   4.80892575e+00  
     3       4   6.51629264e-05   2.62829871e+00  
     3       5   8.13840197e-05   4.82540223e+00  
     3       6   3.02241045e-05   5.17853431e+00  
     3       7   5.07681423e-05   4.60060218e+00  
     3       8   9.85508931e-06   3.45566779e+00  
     3       9   1.36994631e-05   2.02844624e+00  
     3      10   6.51425673e-06   3.40842400e-01  
     3      11   2.00063952e-06   1.16593532e-01  
     3      12   2.03710637e-07   2.30488874e-02  
     3      13   7.52803411e-08   2.17251354e-03  
     4       1   2.91569492e-01   1.56052399e-01  
     4       2   1.00217971e-04   9.14595034e-01  
     4       3   4.48164758e-05   4.16493686e+00  
     4       4   2.52476661e-05   4.79134390e+00  
     4       5   1.96414484e-05   3.52528111e+00  
     4       6   1.65337289e-05   2.89566104e+00  
     4       7   9.72917235e-06   1.54268498e+00  
     4       8   1.37028644e-05   4.46528559e-01  
     4       9   1.61858719e-06   3.68737255e-02  
     4      10   4.74141693e-07   4.91153414e-02  
     4      11   2.84319209e-07   2.32335708e-02  
     4      12   1.10649303e-08   9.05653474e-03  
     5       1   2.23298746e-01   1.55974579e-01  
     5       2   4.69388358e-04   3.49709944e+00  
     5       3   2.47401785e-04   1.00722044e+01  
     5       4   9.62079643e-05   2.80257975e+01  
     5       5   4.24775672e-04   2.61016377e+00  
     5       6   6.02432328e-04   1.10957522e+01  
     5       7   3.76904648e-04   5.45513997e+01  
     5       8   2.33545818e-04   4.68107178e+01  
     5       9   2.45476742e-04   2.55933809e+01  
     5      10   4.49991493e-04   3.70328708e+00  
     5      11   2.81324550e-04   2.78135895e+01  
     5      12   1.70443520e-04   1.76558832e+01  
     5      13   5.43028729e-05   3.90455025e+01  
     5      14   1.57834242e-04   7.51071607e+00  
     5      15   8.21192245e-06   6.15410181e-01  
     5      16   1.73213597e-06   7.00331981e-01  
     5      17   1.54625028e-06   9.85305301e-01  
     5      18   1.97046882e-06   4.35287115e-01  
     5      19   4.52283119e-07   7.66278133e-02  
     5      20   7.60359501e-07   1.13551836e-01  
     5      21   8.66374719e-07   6.70379876e-02  
     5      22   1.67092851e-07   3.87424476e-02  
     5      23   5.48439958e-09   2.89190799e-03  
     6       1   1.86096460e-01   8.21856590e-02  
     6       2   3.61474740e-04   7.71104486e-02  
     6       3   4.41115654e-04   5.00329030e+00  
     6       4   1.58744268e-04   3.65071460e-01  
     6       5   1.50818644e-04   2.13285714e+00  
     6       6   1.16179432e-04   3.86674418e+00  
     6       7   1.10598886e-04   1.65401264e+00  
     6       8   1.82951418e-05   1.12359834e+00  
     6       9   4.29663365e-06   5.63401372e-01  
     6      10   1.32833447e-05   1.45972978e-01  
     6      11   2.88428485e-06   3.41438363e-01  
     6      12   7.54742479e-07   1.13767959e-01  
     6      13   8.71894016e-07   6.73140870e-03  
     7       1   1.65469304e-01   2.36211369e-02  
     7       2   6.00418388e-05   9.72817485e-01  
     7       3   1.95933959e-04   5.56750533e+00  
     7       4   4.92159657e-05   8.23899396e+00  
     7       5   7.30201569e-05   3.94893604e-01  
     7       6   1.27982605e-04   4.36673932e+00  
     7       7   4.35278769e-05   1.42812953e-01  
     7       8   3.22541029e-05   1.51696942e+00  
     7       9   2.24838074e-05   2.36001634e+00  
     7      10   2.98724669e-06   1.89006194e+00  
     7      11   1.52451769e-05   1.02681701e+00  
     7      12   1.03424280e-05   5.98699347e-01  
     7      13   8.92672520e-07   1.23056728e-01  
     7      14   5.40575936e-07   2.68931003e-02  
     7      15   5.45402173e-07   7.35146444e-03  
     8       1   1.52108556e-01   8.97567550e-02  
     8       2   2.63988218e-04   5.34875685e-01  
     8       3   2.40878209e-04   1.10298435e+01  
     8       4   2.88891556e-05   1.41480363e+01  
     8       5   5.41719032e-05   9.29671398e+00  
     8       6   7.30209928e-05   9.31900509e+00  
     8       7   3.73223031e-05   4.36253073e+00  
     8       8   1.97402419e-05   8.83228778e-01  
     8       9   4.35482264e-06   8.30287469e-01  
     8      10   9.87217535e-07   4.18928798e-01  
     8      11   1.89616697e-06   4.99242116e-01  
     8      12   2.05293194e-06   1.03675882e-01  
     8      13   7.76587247e-07   1.06947309e-02  
     8      14   2.94846639e-07   2.16753321e-02  
     8      15   4.06396352e-07   3.02113651e-02  
     8      16   3.51773339e-08   2.77969267e-03  
     9       1   1.40373607e-01   1.11073367e-01  
     9       2   1.20686189e-04   1.79282795e-01  
     9       3   1.75149313e-04   2.31198675e+01  
     9       4   4.42858667e-05   1.55235627e+01  
     9       5   6.46350347e-05   1.63783913e+00  
     9       6   2.93036135e-05   1.12799489e+00  
     9       7   2.38736430e-05   8.23106456e-01  
     9       8   9.26032402e-07   1.91601364e+00  
     9       9   1.93513714e-06   1.92793626e+00  
     9      10   2.37395091e-06   1.88755720e+00  
     9      11   7.25516717e-06   1.44568849e-01  
     9      12   9.79257063e-07   4.26072646e-01  
     9      13   1.75213776e-06   4.15854688e-01  
     9      14   3.50803521e-07   2.46937695e-01  
     9      15   1.19108212e-06   1.20864571e-01  
     9      16   1.84077946e-07   2.99445477e-01  
     9      17   2.95364479e-07   6.90597952e-02  
     9      18   2.27952459e-07   4.30162934e-02  
     9      19   9.91980248e-08   2.15270226e-02  
     9      20   5.02547356e-09   1.66731568e-03  
    10       1   1.24584713e-01   1.63119828e-01  
    10       2   3.57212412e-05   5.46860190e-01  
    10       3   2.86937695e-04   1.03498714e+01  
    10       4   2.07586571e-04   2.07186133e+01  
    10       5   3.67268891e-05   9.96459311e+00  
    10       6   5.69277702e-06   3.74014842e+00  
    10       7   8.27819571e-06   3.36936712e+00  
    10       8   4.49024896e-05   1.37117738e+00  
    10       9   1.69290562e-05   1.72416989e-01  
    10      10   2.62913656e-05   4.61461792e+00  
    10      11   5.85541604e-06   5.71656829e-01  
    10      12   1.16994352e-05   5.42756030e-01  
    10      13   6.76424629e-06   2.04661974e-01  
    10      14   7.59704734e-07   6.34697106e-03  
    11       1   1.05134124e-01   2.11156290e-01  
    11       2   2.32265671e-04   3.34962770e-01  
    11       3   2.41710954e-04   1.66794174e+01  
    11       4   1.49448186e-04   4.22226492e+00  
    11       5   1.45106219e-05   1.10097272e+01  
    11       6   1.11106392e-05   1.26605932e+01  
    11       7   2.89686212e-05   5.07310753e-01  
    11       8   1.40560209e-05   9.33539036e-01  
    11       9   1.48308100e-05   8.15218337e-01  
    11      10   5.65775024e-07   1.11369450e+00  
    11      11   1.58717066e-06   1.67549894e-01  
    11      12   5.31507604e-07   2.33612007e-01  
    11      13   2.55997183e-07   1.76993888e-01  
    11      14   1.52274473e-07   1.41509991e-01  
    11      15   4.10395833e-08   4.97442269e-02  
    11      16   9.20496168e-08   4.78850624e-03  
    12       1   9.05943836e-02   1.26571605e-01  
    12       2   1.73070840e-04   4.75774691e+00  
    12       3   1.69947488e-04   6.37280800e+01  
    12       4   1.51528434e-04   1.42143963e+00  
    12       5   1.40557180e-04   2.10671358e+01  
    12       6   4.40440991e-05   3.64829738e+00  
    12       7   4.90545222e-05   2.06944977e+00  
    12       8   9.13470110e-06   2.83794148e+00  
    12       9   1.78883719e-05   3.61681264e+00  
    12      10   2.00539248e-06   2.42818508e+00  
    12      11   1.49115999e-06   3.09882786e+00  
    12      12   1.77197538e-06   3.05840015e+00  
    12      13   1.57576983e-06   3.44192710e+00  
    12      14   9.93800358e-07   6.71094555e-01  
    12      15   5.34016118e-06   1.48060297e+00  
    12      16   1.90699305e-05   1.32551803e-01  
    12      17   4.09817311e-06   1.92791815e-01  
    12      18   3.31880747e-06   2.15595399e-02  
    12      19   1.04777779e-07   4.23879809e-02  
    12      20   1.68985044e-07   3.26247927e-02  
    12      21   7.07146121e-08   2.33154878e-02  
    12      22   1.14026545e-07   4.24439262e-03  
    13       1   8.56973945e-02   1.35549936e-01  
    13       2   8.22934796e-04   1.99027823e+00  
    13       3   1.26485884e-03   3.61397400e+01  
    13       4   2.01425221e-04   2.66807405e+00  
    13       5   1.98143420e-04   4.42546605e+00  
    13       6   1.33850115e-04   1.38920187e+01  
    13       7   1.82837483e-05   8.51310405e+00  
    13       8   1.19737502e-05   1.74238447e+00  
    13       9   1.99447758e-06   9.14258842e-01  
    13      10   3.95404923e-07   6.46186908e-01  
    13      11   1.75599581e-07   4.83496041e-01  
    13      12   3.31865983e-07   2.64403519e-01  
    13      13   2.87220142e-07   6.51583253e-02  
    13      14   8.87124773e-08   3.17356307e-02  
    13      15   4.15728256e-08   9.36443235e-03  
    14       1   8.61888897e-02   1.14975892e-01  
    14       2   1.46738921e-03   3.88915978e-01  
    14       3   3.99935600e-04   8.01455077e+00  
    14       4   3.41587549e-04   2.32857113e+01  
    14       5   2.28608118e-04   5.87509645e+00  
    14       6   6.62788382e-05   5.28287637e-01  
    14       7   1.54148313e-05   7.23160327e-01  
    14       8   1.88593494e-05   5.69233864e+00  
    14       9   2.76464423e-05   6.08568247e+00  
    14      10   1.80917610e-05   2.17603872e+00  
    14      11   4.86204059e-06   4.64134018e-01  
    14      12   4.98119114e-06   2.53688910e-01  
    14      13   2.39113930e-06   3.47554473e-01  
    14      14   1.94949876e-06   2.77519878e-01  
    14      15   1.01122792e-07   2.58694388e-01  
    14      16   1.20008834e-07   2.39902060e-01  
    14      17   6.56678842e-07   1.20690998e-01  
    14      18   5.57246624e-07   6.98297565e-03  
    15       1   8.71816348e-02   1.36672428e-01  
    15       2   6.94447523e-04   4.53291939e+00  
    15       3   6.37959648e-04   2.13322696e+02  
    15       4   1.48295022e-03   3.63362873e+00  
    15       5   6.49151053e-04   3.65172540e+00  
    15       6   1.56219101e-04   1.93283236e+01  
    15       7   8.50404610e-05   2.39283055e+01  
    15       8   1.09817591e-04   8.44931678e+00  
    15       9   2.82386104e-05   8.55032549e+00  
    15      10   7.75679438e-05   5.72423846e+00  
    15      11   1.13582547e-05   8.74673088e+00  
    15      12   2.64053190e-05   4.90778003e+00  
    15      13   3.10122444e-05   6.05925053e-01  
    15      14   1.45348497e-05   6.78908055e-02  
    15      15   1.75002192e-06   2.33579041e-01  
    15      16   1.67947288e-06   1.82029384e-01  
    15      17   1.03845032e-06   7.17994884e-02  
    15      18   8.58512936e-08   5.85866592e-04  
    16       1   8.55543629e-02   5.09188718e-02  
    16       2   1.41786797e-04   2.69532417e-01  
    16       3   3.49416687e-04   1.02644696e+01  
    16       4   8.81731125e-05   7.34265853e-01  
    16       5   2.62543114e-05   3.32334029e+00  
    16       6   1.29090077e-05   1.36515708e+00  
    16       7   1.13419127e-06   2.43927472e-01  
    16       8   9.75935315e-06   3.74622380e-01  
    16       9   5.16074931e-06   2.65160898e-02  
    16      10   4.12316525e-06   1.04915963e-01  
    16      11   3.36135204e-06   3.69710909e-02  
    16      12   2.85485121e-07   1.26608232e-02  
    16      13   3.69258404e-08   1.89403491e-03  
    17       1   7.93084848e-02   4.20101533e-02  
    17       2   1.18157733e-04   1.31809007e-01  
    17       3   7.68166197e-05   1.21922709e+01  
    17       4   6.12010064e-05   9.63923044e+00  
    17       5   2.36376768e-05   4.96462325e+00  
    17       6   2.02364153e-05   3.44944716e+00  
    17       7   1.89645259e-05   1.00192542e+00  
    17       8   3.30187193e-06   5.30686792e-01  
    17       9   3.62585544e-06   2.93604386e-01  
    17      10   9.30924284e-07   1.06372434e-02  
    17      11   6.40103173e-07   6.70826495e-02  
    17      12   2.76502962e-07   4.48289493e-02  
    17      13   5.30830604e-08   9.47560265e-03  
    18       1   6.98262132e-02   5.32912812e-02  
    18       2   1.77854182e-04   7.07836319e-01  
    18       3   1.29655951e-04   7.92439168e+00  
    18       4   5.64437720e-05   1.43236975e+00  
    18       5   9.18309875e-06   1.09512610e+00  
    18       6   7.49448291e-06   7.54771235e-01  
    18       7   6.09919720e-06   1.14462580e+00  
    18       8   3.63759123e-05   1.05556491e+00  
    18       9   2.22980199e-05   1.05522570e+00  
    18      10   2.90070964e-06   1.51480927e-01  
    18      11   1.17008425e-06   9.14644933e-02  
    18      12   3.22496646e-07   1.15866331e-01  
    18      13   7.24373469e-07   3.65930367e-02  
    18      14   4.73669088e-07   9.81675086e-03  
    19       1   6.38617812e-02   7.37382578e-02  
    19       2   1.88121388e-04   2.01974549e+00  
    19       3   3.45215895e-04   6.14373554e+00  
    19       4   1.02779508e-04   3.14367884e+00  
    19       5   5.18288182e-05   3.42626480e+00  
    19       6   2.73589857e-05   1.46098762e+00  
    19       7   1.83873446e-05   1.13361061e+00  
    19       8   3.75161965e-05   9.03402356e-01  
    19       9   7.08377567e-06   1.52605003e+00  
    19      10   3.49980216e-06   6.87263303e-01  
    19      11   3.19499801e-07   2.06665926e-01  
    19      12   1.05202815e-06   5.41413123e-02  
    19      13   1.84856034e-07   7.01758073e-03  
    20       1   6.48235471e-02   1.21472007e-01  
    20       2   6.55442486e-04   1.38052379e+00  
    20       3   1.17612441e-04   7.23013813e+00  
    20       4   8.51189596e-05   2.62490504e+01  
    20       5   8.61489429e-05   1.70951792e+00  
    20       6   2.23591932e-05   2.56183374e+00  
    20       7   5.62454603e-06   4.42420269e-01  
    20       8   1.47051027e-06   7.60780181e-02  
    20       9   2.05480084e-06   5.78454161e-02  
    20      10   1.43822763e-06   1.87567778e-02  
    20      11   1.76658352e-07   1.58215994e-02  
    20      12   1.60313658e-07   9.89650996e-03  
    21       1   6.88105987e-02   1.11186942e-01  
    21       2   1.34929078e-04   1.57570483e+00  
    21       3   2.48619580e-04   2.75448922e+01  
    21       4   2.00761090e-04   3.29054645e+00  
    21       5   9.13577392e-05   7.46911421e+00  
    21       6   7.18741554e-05   5.86340952e+00  
    21       7   2.18617370e-05   1.16141206e+00  
    21       8   1.54423638e-06   9.79148575e-01  
    21       9   4.04020467e-06   6.01682512e-01  
    21      10   4.86311821e-07   4.26504058e-01  
    21      11   1.38661611e-06   6.67909396e-02  
    21      12   9.53498750e-07   4.36070915e-02  
    21      13   7.25317829e-08   1.73308062e-02  
    21      14   2.80753120e-08   5.46285767e-03  
    22       1   7.28452745e-02   1.17546246e-01  
    22       2   1.16265748e-04   2.45018687e+00  
    22       3   2.94884787e-04   1.91675212e+00  
    22       4   9.62867653e-05   1.68135947e+01  
    22       5   4.07484592e-05   1.59558919e+00  
    22       6   3.00039174e-05   3.44387482e+00  
    22       7   4.56217216e-05   5.14268574e+00  
    22       8   5.78117388e-06   1.72728621e-01  
    22       9   2.01122306e-06   4.51811944e-01  
    22      10   7.57600182e-07   3.60205964e-01  
    22      11   1.53713895e-06   9.67754455e-02  
    22      12   3.56069027e-07   4.41032378e-02  
    22      13   1.52097662e-07   2.01943818e-02  
    22      14   6.38850045e-08   6.38183513e-03  
    23       1   7.30628953e-02   1.58939110e-01  
    23       2   6.82839621e-05   1.73501758e+00  
    23       3   5.92873662e-05   1.86287971e+00  
    23       4   2.75972537e-05   5.00477707e+00  
    23       5   9.99100630e-06   3.32047775e+00  
    23       6   9.33628264e-06   2.47569003e+00  
    23       7   3.51672313e-06   1.40443203e+00  
    23       8   3.07711227e-06   1.81865751e+00  
    23       9   7.42561080e-07   1.56124744e-01  
    23      10   5.97514573e-07   3.64240303e-01  
    23      11   1.64762522e-07   2.97407312e-01  
    23      12   1.49394444e-07   1.90742469e-01  
    23      13   1.63808283e-07   1.66158226e-01  
    23      14   1.84109006e-08   6.66147859e-02  
    23      15   2.26707025e-08   5.04922772e-03  
    24       1   6.64747119e-02   2.63250213e-01  
    24       2   3.74483217e-05   7.36187905e-01  
    24       3   6.81185912e-05   4.81914944e+00  
    24       4   9.17573601e-05   3.30361559e+00  
    24       5   3.75370995e-05   8.73509878e+00  
    24       6   4.26970507e-06   1.85384493e+00  
    24       7   4.77474417e-06   2.83993317e+00  
    24       8   5.49452986e-06   3.92033476e+00  
    24       9   7.98692792e-06   1.38168611e+00  
    24      10   3.55401038e-06   2.08437652e+00  
    24      11   1.72248987e-06   8.53586856e-01  
    24      12   1.18834184e-06   8.02457775e-01  
    24      13   8.83532430e-07   3.77904645e-01  
    24      14   3.34929601e-07   1.84227230e-01  
    24      15   1.15291436e-07   5.58276858e-03  
    25       1   5.66286984e-02   1.99309390e-01  
    25       2   3.59621865e-04   1.18000030e+01  
    25       3   3.02424791e-04   3.66576365e+00  
    25       4   7.18295813e-05   3.38894195e+00  
    25       5   4.82268230e-05   1.38044029e+01  
    25       6   7.18636565e-05   8.32747186e+00  
    25       7   5.86168995e-05   5.05307362e+00  
    25       8   4.76405883e-05   1.91726817e+01  
    25       9   5.77079537e-06   1.84889155e+00  
    25      10   1.42303626e-05   5.73651292e+00  
    25      11   5.93673331e-06   2.10154539e-01  
    25      12   4.15490724e-06   1.58607092e+00  
    25      13   7.16688476e-07   3.46073481e-01  
    25      14   5.72449595e-07   4.09919765e-01  
    25      15   5.91490286e-07   7.92521760e-02  
    25      16   1.29691916e-07   1.00061139e-02  
    25      17   4.71860116e-08   8.67397223e-03  
    26       1   5.13411661e-02   2.56158778e-01  
    26       2   3.36139190e-04   1.59377787e-01  
    26       3   5.63367537e-05   1.11090113e+01  
    26       4   1.28121796e-04   9.37447107e-01  
    26       5   3.75037672e-05   1.11354083e+01  
    26       6   3.42249888e-05   4.46542812e+00  
    26       7   1.57792151e-05   2.22507390e+00  
    26       8   6.44929548e-06   3.18525652e+00  
    26       9   1.77302245e-06   1.54774612e+00  
    26      10   2.43507234e-06   7.39636153e-02  
    26      11   9.99310095e-07   3.16828511e-01  
    26      12   7.30039471e-07   7.52013682e-02  
    26      13   1.17824087e-07   2.46287152e-02  
    26      14   8.50992006e-08   2.54658180e-02  
    26      15   6.77747861e-08   3.25526933e-03  
    27       1   5.12628418e-02   1.69778654e-01  
    27       2   2.02610267e-04   5.44928499e+00  
    27       3   6.95073127e-05   1.85395027e+01  
    27       4   4.22701943e-05   1.01802136e+01  
    27       5   1.46444629e-05   9.10719268e+00  
    27       6   5.39073749e-06   4.88159412e+00  
    27       7   6.46634786e-06   1.42530749e+00  
    27       8   2.95634639e-06   1.87596359e+00  
    27       9   3.36705360e-06   2.12226527e-01  
    27      10   2.20753109e-06   1.06389201e-01  
    27      11   3.39997053e-07   1.01031116e-01  
    27      12   3.19250507e-07   3.60432851e-02  
    27      13   1.63157334e-07   3.30806910e-03  
    28       1   5.13719170e-02   1.29341133e-01  
    28       2   1.69324197e-04   3.76703318e+00  
    28       3   9.16728538e-05   2.25888243e+00  
    28       4   1.19292809e-04   9.18276925e+00  
    28       5   1.44340350e-05   2.19378345e+00  
    28       6   9.08529124e-06   3.77163902e+00  
    28       7   1.12352523e-05   1.22725697e+00  
    28       8   4.11124076e-06   2.48059731e-01  
    28       9   2.86651353e-06   1.59126723e-01  
    28      10   2.08028089e-06   9.44800958e-01  
    28      11   7.88132714e-07   5.60045927e-01  
    28      12   4.17205712e-07   3.51105490e-01  
    28      13   3.91771312e-07   3.62805167e-01  
    28      14   7.80575940e-08   1.06628403e-01  
    28      15   1.02413891e-07   5.23386874e-02  
    28      16   4.27041081e-08   1.05881236e-02  
    28      17   2.59876270e-09   4.90555063e-03  
    29       1   5.04975359e-02   1.18431586e-01  
    29       2   1.70432020e-04   3.00101009e+00  
    29       3   1.69091056e-04   7.76324057e+00  
    29       4   8.16243476e-05   1.16066238e+00  
    29       5   5.45011776e-05   1.92061241e+00  
    29       6   1.60398346e-05   1.74637704e+01  
    29       7   2.07072213e-05   2.16288709e+01  
    29       8   1.71500186e-05   1.47501276e+01  
    29       9   1.21872279e-05   3.80874843e-01  
    29      10   1.94847625e-06   1.25398798e+00  
    29      11   8.73491534e-07   6.36008513e-01  
    29      12   1.08585611e-06   8.85332254e-01  
    29      13   7.39557305e-07   3.62839130e-01  
    29      14   7.71979765e-07   5.30041164e-01  
    29      15   1.12837369e-07   6.80457131e-03  
    30       1   4.97669430e-02   8.41885740e-02  
    30       2   1.02984781e-04   1.36851612e+00  
    30       3   1.34136447e-04   2.59820566e+01  
    30       4   2.70615976e-05   3.15380141e+00  
    30       5   3.56312595e-05   7.35727143e+00  
    30       6   6.61208877e-05   9.48541999e+00  
    30       7   2.66432544e-05   3.61778928e+00  
    30       8   1.43270823e-05   4.47137837e+00  
    30       9   5.97257916e-06   5.51707866e+00  
    30      10   1.48804731e-06   4.57898410e-01  
    30      11   4.73265426e-07   5.21330812e-02  
    30      12   1.25871826e-06   7.80037135e-01  
    30      13   8.82118900e-07   5.05002112e-02  
    30      14   3.16767671e-07   1.58678564e-01  
    30      15   2.19524988e-07   1.31639709e-02  
    30      16   5.84756195e-08   2.76530794e-02  
    30      17   3.94161920e-09   1.44668190e-02  
    30      18   6.53684501e-09   2.21579641e-03  
    31       1   5.01521388e-02   2.30668907e-01  
    31       2   3.89968858e-04   1.50415577e+01  
    31       3   1.18597425e-04   1.81009631e+00  
    31       4   4.78825107e-05   9.44121415e-01  
    31       5   2.66043385e-05   5.30754286e+00  
    31       6   5.72023462e-06   1.73115986e+00  
    31       7   5.29387215e-06   5.19348712e-01  
    31       8   1.30395828e-06   7.40381307e-02  
    31       9   1.55093797e-06   3.20782535e-01  
    31      10   1.77339221e-07   2.33464727e-02  
    31      11   4.66932902e-08   1.10157709e-02  
    31      12   7.24732249e-08   9.52218050e-03  
    32       1   5.20861681e-02   3.42070877e-01  
    32       2   6.46099627e-04   3.83388314e+01  
    32       3   2.72710457e-04   6.46331469e+00  
    32       4   1.58511313e-04   7.29954053e-01  
    32       5   3.54018217e-05   7.05787981e+00  
    32       6   1.75936961e-05   6.75117017e+00  
    32       7   5.12373140e-05   1.06697138e+01  
    32       8   6.12965408e-06   8.02806975e-01  
    32       9   3.79387047e-06   2.22655547e+00  
    32      10   9.14148482e-07   5.99113508e-01  
    32      11   1.42123899e-06   8.07840489e-01  
    32      12   3.81899092e-07   3.33099427e-01  
    32      13   8.35318345e-08   9.72829670e-02  
    32      14   2.69630439e-08   4.28192937e-02  
    32      15   4.07686756e-09   2.34335525e-02  
    32      16   2.88537864e-09   1.67351286e-02  
    32      17   1.39225543e-09   3.96468369e-03  
    33       1   5.43388253e-02   3.15984967e-01  
    33       2   3.59200743e-04   1.60064323e+01  
    33       3   1.20030361e-04   3.36139145e+01  
    33       4   2.47515170e-04   1.18823622e+00  
    33       5   7.29864241e-05   5.43533414e+00  
    33       6   3.18091061e-05   7.70816264e+00  
    33       7   1.77224517e-05   4.98659006e+00  
    33       8   8.23995144e-06   8.83379472e-01  
    33       9   2.96884317e-06   5.51100043e-01  
    33      10   3.97162363e-06   4.63580345e-01  
    33      11   9.50447723e-07   4.27757650e-01  
    33      12   1.12409299e-07   1.52847565e-01  
    33      13   8.59739035e-08   1.50529960e-01  
    33      14   2.21677206e-07   1.59451146e-01  
    33      15   2.21294117e-08   2.19317184e-02  
    33      16   3.98017640e-09   1.68293571e-02  
    33      17   3.89849896e-09   1.17780952e-02  
    33      18   1.24729353e-09   2.97648459e-03  
    34       1   5.52433106e-02   3.42107097e-01  
    34       2   2.12919093e-04   2.22815993e+00  
    34       3   8.55375924e-04   9.92908662e+00  
    34       4   7.47326317e-04   2.01208173e+02  
    34       5   1.62585336e-04   1.33173773e+01  
    34       6   2.16415042e-04   4.35270759e+00  
    34       7   1.26132255e-04   2.58720092e-01  
    34       8   7.16548156e-05   8.18683417e+00  
    34       9   6.02041062e-05   1.30133471e+01  
    34      10   3.14052417e-05   3.73291560e+00  
    34      11   3.29754726e-06   4.19000084e+00  
    34      12   4.42615524e-06   7.93367358e-01  
    34      13   3.03113039e-06   6.40667905e+00  
    34      14   1.79970943e-06   4.12007170e+00  
    34      15   2.49846310e-06   3.08843299e+00  
    34      16   3.94036614e-06   2.93368214e+00  
    34      17   3.43141897e-06   1.17142227e+00  
    34      18   3.59412068e-06   1.51589329e+00  
    34      19   4.15851595e-06   2.03473676e+00  
    34      20   2.47571680e-06   2.76284200e+00  
    34      21   5.08605006e-06   1.15901482e+00  
    34      22   3.62581952e-06   1.63109286e+00  
    34      23   9.14123858e-07   1.99551481e-01  
    34      24   7.60525903e-07   1.38563152e-01  
    34      25   2.63519554e-07   3.76650135e-02  
    34      26   5.33955688e-08   1.53452381e-02  
    34      27   1.81885652e-08   6.67402483e-04  
    35       1   5.47651001e-02   2.57469113e-01  
    35       2   2.70480720e-04   3.69844323e+00  
    35       3   2.91094441e-04   4.00057690e+01  
    35       4   1.92406637e-04   3.63720013e+01  
    35       5   4.94742921e-05   4.64372908e+00  
    35       6   2.15325239e-05   9.15569182e+00  
    35       7   3.39406736e-05   1.23312851e+01  
    35       8   4.38632100e-05   3.20599402e+00  
    35       9   2.03134797e-06   1.29296995e+00  
    35      10   2.97797640e-06   4.25725421e-01  
    35      11   2.36756098e-06   4.52240941e-01  
    35      12   9.59293548e-08   5.85732867e-02  
    35      13   1.32721061e-07   9.24446994e-02  
    35      14   8.23955277e-08   1.83373073e-02  
    35      15   8.01399961e-08   1.38285658e-01  
    35      16   1.89031269e-07   4.34122405e-02  
    35      17   1.68775881e-07   6.42729849e-03  
    36       1   5.35580730e-02   1.48258965e-01  
    36       2   3.80167090e-04   3.64065797e+00  
    36       3   7.75507698e-05   2.17434439e+01  
    36       4   7.89913606e-05   3.28673994e+00  
    36       5   6.00159368e-05   1.33893214e+01  
    36       6   1.07074385e-04   1.13754911e+00  
    36       7   2.13537339e-05   2.52140581e+01  
    36       8   9.69283039e-06   3.43184891e+00  
    36       9   1.27903796e-05   5.38180431e+00  
    36      10   9.15626640e-06   2.60928553e+00  
    36      11   6.28735306e-07   1.17958703e-01  
    36      12   2.58400204e-07   3.61181023e-02  
    36      13   3.57614786e-07   5.29696251e-02  
    36      14   7.79897464e-08   6.69487863e-02  
    36      15   5.73346367e-09   2.55783220e-02  
    36      16   2.31916539e-09   9.95060176e-04  
    37       1   5.13163468e-02   4.17134309e-01  
    37       2   1.11070696e-04   3.26690530e+00  
    37       3   1.71847784e-04   4.26850922e+00  
    37       4   8.67529622e-05   7.59802509e+00  
    37       5   6.46560439e-05   1.45937419e+02  
    37       6   4.29046443e-05   3.27414420e+00  
    37       7   1.57043414e-05   7.42632702e+00  
    37       8   1.40845613e-05   1.12949247e+01  
    37       9   2.59904923e-05   6.37849972e+00  
    37      10   2.92163766e-06   3.65337863e-01  
    37      11   5.39612131e-06   6.56399300e+00  
    37      12   2.09067159e-07   1.29427045e+00  
    37      13   2.59148397e-07   8.54315546e-01  
    37      14   1.07676864e-06   1.34077414e+00  
    37      15   6.76170943e-07   1.05384566e-01  
    37      16   4.72792826e-08   1.69285108e-01  
    37      17   8.67000412e-08   8.85597121e-02  
    37      18   3.35474195e-09   7.14317470e-02  
    37      19   4.07734020e-09   4.99889962e-03  
    38       1   4.78793295e-02   7.42042866e-01  
    38       2   5.00101512e-04   1.88553715e+01  
    38       3   2.23519195e-04   3.70869656e+01  
    38       4   4.26241344e-04   1.60630158e+00  
    38       5   6.77601650e-05   8.37600698e+00  
    38       6   5.65063084e-05   6.13891611e-01  
    38       7   4.36915871e-05   1.15076663e+01  
    38       8   2.29456976e-05   4.97485577e+00  
    38       9   1.66505492e-05   3.49373714e+00  
    38      10   9.06431185e-06   4.02140782e+00  
    38      11   3.55914854e-06   5.34933229e+00  
    38      12   2.16543398e-06   1.42188736e+00  
    38      13   6.62640984e-07   1.95808942e-01  
    38      14   3.85777238e-07   9.16258190e-02  
    38      15   1.32740948e-07   1.74145500e-01  
    38      16   3.27009140e-08   5.41445313e-03  
    39       1   4.46898549e-02   6.77372485e-01  
    39       2   7.23051448e-05   4.15523456e+00  
    39       3   3.54744000e-04   4.75429113e+00  
    39       4   1.51883934e-04   6.43655558e+00  
    39       5   1.00884117e-04   5.37648283e+00  
    39       6   5.19859860e-06   9.47928688e-01  
    39       7   3.15298049e-06   9.97282806e+00  
    39       8   1.89316832e-06   1.17521855e+00  
    39       9   1.23914519e-06   1.12393005e+00  
    39      10   1.59410133e-06   1.22247724e+00  
    39      11   4.55869853e-07   3.82561529e-01  
    39      12   1.44289486e-07   2.20065614e-01  
    39      13   3.46692709e-08   1.95382304e-02  
    39      14   2.67202144e-08   3.31675369e-02  
    39      15   5.57099294e-09   1.59099788e-03  
    40       1   4.24471553e-02   4.20129556e-01  
    40       2   4.05875261e-04   1.03682806e+01  
    40       3   1.02071162e-04   3.48566636e+01  
    40       4   5.77608524e-04   8.08771174e+00  
    40       5   2.27035248e-04   6.81176186e-01  
    40       6   1.15042203e-04   2.05014209e+01  
    40       7   4.17219117e-05   1.87302932e+00  
    40       8   2.86200000e-05   7.44529341e+00  
    40       9   1.67759731e-05   5.11053610e+00  
    40      10   1.27987306e-05   4.01146039e+00  
    40      11   3.89345520e-06   5.75092863e-01  
    40      12   9.96641171e-07   3.50917895e-01  
    40      13   9.60497621e-07   1.13929985e-01  
    40      14   2.86208524e-07   7.28903292e-02  
    40      15   7.81884532e-08   3.59118673e-02  
    40      16   3.08312798e-08   8.28544304e-04  
    41       1   4.01567677e-02   3.01463481e-01  
    41       2   2.39421436e-04   2.64959725e+00  
    41       3   8.57124726e-05   2.61104557e+00  
    41       4   1.52454659e-04   1.20544278e+01  
    41       5   1.88427593e-05   3.15962371e+00  
    41       6   1.31938422e-05   8.15939210e-01  
    41       7   1.17712705e-05   5.86827009e+00  
    41       8   2.10307991e-06   3.23218850e+00  
    41       9   5.86852421e-07   1.02742385e+00  
    41      10   2.67157778e-07   1.68132291e-01  
    41      11   2.50898838e-07   9.23266937e-02  
    41      12   1.10064388e-07   2.49037480e-01  
    41      13   2.80192677e-07   1.09328948e-01  
    41      14   7.92808209e-08   3.49026786e-02  
    41      15   2.95580281e-08   2.04429945e-02  
    41      16   7.03481206e-09   3.17184365e-03  
    42       1   3.77357196e-02   5.53379662e-01  
    42       2   7.37172433e-04   1.83361517e+01  
    42       3   1.54318497e-04   5.76905179e-01  
    42       4   1.76952865e-04   1.17166960e+01  
    42       5   2.20145736e-05   4.68272554e+00  
    42       6   1.11183517e-05   7.50927242e+00  
    42       7   1.56453469e-05   9.58687019e+00  
    42       8   1.01305927e-05   1.48842171e+01  
    42       9   3.52790369e-06   3.81289218e+00  
    42      10   2.81370520e-06   1.42892546e+00  
    42      11   1.35703567e-06   4.13935110e-01  
    42      12   1.16575048e-06   6.61114189e-01  
    42      13   3.14748092e-07   6.50563591e-01  
    42      14   2.47132447e-07   2.08253909e-01  
    42      15   7.06941404e-08   5.05901817e-02  
    42      16   3.76910749e-08   5.10460943e-02  
    42      17   4.59800515e-09   1.06672872e-02  
    42      18   1.24441423e-09   5.74251211e-03  
    43       1   3.57987277e-02   8.27163396e-01  
    43       2   5.77132721e-04   1.84729709e+01  
    43       3   2.83976495e-04   9.21436842e+00  
    43       4   7.09294309e-05   1.65177431e+00  
    43       5   8.57366597e-05   1.08578934e+01  
    43       6   6.75782441e-05   7.25524759e+00  
    43       7   5.49820104e-05   2.02599680e+01  
    43       8   9.88411226e-06   2.42043313e+01  
    43       9   1.84447259e-06   3.66416102e+01  
    43      10   7.21486397e-06   4.18020000e+00  
    43      11   1.48113383e-06   2.48011283e+00  
    43      12   5.43613560e-07   3.40248200e-01  
    43      13   3.55597630e-07   5.98670325e-01  
    43      14   4.35665407e-07   5.70618064e-01  
    43      15   1.69179164e-08   8.19444536e-02  
    43      16   1.63895039e-08   4.48122339e-02  
    43      17   4.17374613e-08   2.89020974e-02  
    43      18   3.11597478e-09   7.54662980e-03  
    44       1   3.43229829e-02   7.43431403e-01  
    44       2   4.85198334e-04   1.67490364e+01  
    44       3   1.10761454e-04   1.23738218e+00  
    44       4   1.08248309e-04   4.83637953e+00  
    44       5   8.26870779e-06   4.04693705e+00  
    44       6   8.01893134e-05   9.31193947e+00  
    44       7   3.18523307e-06   1.44843536e+00  
    44       8   2.32762968e-06   1.55958616e+00  
    44       9   2.18416671e-06   1.17901561e+00  
    44      10   5.41658650e-07   3.29583761e-01  
    44      11   1.02728265e-07   1.72406541e-01  
    44      12   6.18888255e-08   6.71825311e-02  
    44      13   1.75517816e-08   8.20463168e-03  
    45       1   3.31007130e-02   4.84159780e-01  
    45       2   1.86149859e-04   9.88421250e-01  
    45       3   1.57818545e-04   9.04155775e+00  
    45       4   6.21561448e-05   3.97322737e+00  
    45       5   1.02146488e-05   2.06916328e+00  
    45       6   1.27831893e-05   2.56471569e+00  
    45       7   1.00672862e-05   3.64690425e+00  
    45       8   3.96586493e-06   1.62809056e+00  
    45       9   5.19531215e-07   2.06600577e-01  
    45      10   1.89791913e-07   1.69319414e-01  
    45      11   1.25800916e-07   8.85745898e-02  
    45      12   4.27971574e-08   8.05555822e-03  
    46       1   3.19258815e-02   3.33159605e-01  
    46       2   3.89499050e-05   2.12472962e-01  
    46       3   1.18833581e-04   2.06865746e+01  
    46       4   2.19252400e-04   1.20079621e+01  
    46       5   1.17193482e-05   7.37979497e-01  
    46       6   1.51169149e-05   1.77020081e+01  
    46       7   5.29848890e-06   1.81368587e+00  
    46       8   1.76390511e-06   1.10440892e+00  
    46       9   7.75059858e-07   7.75140796e-01  
    46      10   3.29355486e-07   5.01015994e-01  
    46      11   2.30287024e-07   7.00244547e-01  
    46      12   1.01669886e-07   7.40268734e-01  
    46      13   1.33695875e-07   7.63614475e-01  
    46      14   1.07036748e-07   5.97509685e-01  
    46      15   2.20870909e-07   1.89053490e-01  
    46      16   1.01886298e-07   2.92601028e-02  
    46      17   1.08837856e-08   1.19162657e-02  
    46      18   1.11138553e-08   5.17166015e-03  
    47       1   3.06541983e-02   3.46134606e-01  
    47       2   6.19272343e-05   1.57933341e+00  
    47       3   6.68093798e-05   2.64115246e+01  
    47       4   1.20478149e-05   8.91441944e-01  
    47       5   4.78821641e-06   1.21449733e+01  
    47       6   1.97596753e-06   1.04844791e+01  
    47       7   6.64663548e-07   7.17399284e+00  
    47       8   4.93018988e-07   4.24540010e+00  
    47       9   6.04323944e-07   3.24148519e+00  
    47      10   2.00733175e-07   3.61232203e-01  
    47      11   2.14126083e-07   9.27033359e-01  
    47      12   1.86956608e-07   1.51474679e-01  
    47      13   3.84362328e-08   2.92863743e-02  
    47      14   1.58089262e-08   2.81446720e-02  
    47      15   2.79030073e-09   1.28609220e-02  
    47      16   3.15800863e-09   6.36576351e-03  
    48       1   2.94789379e-02   4.89596470e-01  
    48       2   6.94096525e-05   6.29909238e-01  
    48       3   1.79235443e-04   1.63371545e+01  
    48       4   4.84089900e-05   2.43700890e+00  
    48       5   2.90915051e-05   1.07410506e+00  
    48       6   1.43693630e-05   3.61111724e+00  
    48       7   8.12838637e-06   1.66545243e+00  
    48       8   7.75123927e-06   2.02319050e+00  
    48       9   2.85111772e-06   1.89134858e+00  
    48      10   6.34042503e-07   8.74310694e-01  
    48      11   7.19025277e-08   1.90465331e-01  
    48      12   4.06057111e-08   5.36849892e-02  
    48      13   7.31630146e-08   4.45490907e-02  
    48      14   1.06337126e-08   3.39654921e-02  
    48      15   4.03986132e-09   1.16764649e-02  
    48      16   2.21571167e-09   4.81375480e-03  
    49       1   2.86304015e-02   6.20027694e-01  
    49       2   1.38108076e-04   2.75668871e+00  
    49       3   6.12081351e-05   3.11857543e+00  
    49       4   4.10288633e-05   9.73487430e+00  
    49       5   1.22539479e-05   5.82552037e+00  
    49       6   4.12191946e-06   4.34483442e+00  
    49       7   4.20781782e-06   3.73429308e+00  
    49       8   1.97411795e-06   2.11092339e+00  
    49       9   1.11417386e-06   8.13635648e-01  
    49      10   4.22771355e-07   5.70574268e-01  
    49      11   1.33096272e-07   3.10879804e-02  
    49      12   2.10369726e-08   2.80572934e-02  
    49      13   1.05784165e-08   1.12914028e-02  
    49      14   3.54953995e-09   3.70730174e-03  
    50       1   2.82618352e-02   4.87023755e-01  
    50       2   6.07867557e-05   4.07588550e+00  
    50       3   1.28368627e-04   2.18188898e+01  
    50       4   4.57648427e-05   5.74015926e+00  
    50       5   6.08357621e-06   4.10469714e+00  
    50       6   4.66353667e-06   1.38514049e+00  
    50       7   7.05519904e-06   4.02032959e+00  
    50       8   1.34199565e-06   1.97769763e+00  
    50       9   8.15201639e-07   4.10695516e-01  
    50      10   6.76276220e-08   5.36605626e-02  
    50      11   1.51838247e-07   3.01212203e-02  
    50      12   5.50893164e-08   7.91617571e-02  
    50      13   1.53927618e-08   5.61476310e-03  